The system is: Linux - 5.15.0-92-generic - x86_64
Compiling the C compiler identification source file "CMakeCCompilerId.c" succeeded.
Compiler: /opt/nvidia/hpc_sdk/Linux_x86_64/23.11/compilers/bin/nvc 
Build flags: 
Id flags:  

The output was:
0


Compilation of the C compiler identification source "CMakeCCompilerId.c" produced "a.out"

The C compiler identification is NVHPC, found in "/home/m.unzhakov/parallel/task1/CMakeFiles/3.22.1/CompilerIdC/a.out"

Compiling the CXX compiler identification source file "CMakeCXXCompilerId.cpp" succeeded.
Compiler: /opt/nvidia/hpc_sdk/Linux_x86_64/23.11/compilers/bin/nvc++ 
Build flags: 
Id flags:  

The output was:
0


Compilation of the CXX compiler identification source "CMakeCXXCompilerId.cpp" produced "a.out"

The CXX compiler identification is NVHPC, found in "/home/m.unzhakov/parallel/task1/CMakeFiles/3.22.1/CompilerIdCXX/a.out"

Detecting C compiler ABI info compiled with the following output:
Change Dir: /home/m.unzhakov/parallel/task1/CMakeFiles/CMakeTmp

Run Build Command(s):/usr/bin/gmake -f Makefile cmTC_44497/fast && /usr/bin/gmake  -f CMakeFiles/cmTC_44497.dir/build.make CMakeFiles/cmTC_44497.dir/build
gmake[1]: Entering directory '/home/m.unzhakov/parallel/task1/CMakeFiles/CMakeTmp'
Building C object CMakeFiles/cmTC_44497.dir/CMakeCCompilerABI.c.o
/opt/nvidia/hpc_sdk/Linux_x86_64/23.11/compilers/bin/nvc   -v -MD -MT CMakeFiles/cmTC_44497.dir/CMakeCCompilerABI.c.o -MF CMakeFiles/cmTC_44497.dir/CMakeCCompilerABI.c.o.d -o CMakeFiles/cmTC_44497.dir/CMakeCCompilerABI.c.o -c /usr/share/cmake-3.22/Modules/CMakeCCompilerABI.c
Export NVCOMPILER=/opt/nvidia/hpc_sdk/Linux_x86_64/23.11
Export PGI=/opt/nvidia/hpc_sdk
Create file CMakeFiles/cmTC_44497.dir/CMakeCCompilerABI.c.o.d

/opt/nvidia/hpc_sdk/Linux_x86_64/23.11/compilers/bin/tools/cpp1 --llalign -D__GNUC__=11 -D__GNUC_MINOR__=4 -D__GNUC_PATCHLEVEL__=0 -D__unix -D__unix__ -Dunix -Dlinux -D__linux -D__linux__ -D__NO_MATH_INLINES -D__LP64__ -D__x86_64 -D__x86_64__ -D__LONG_MAX__=9223372036854775807L '-D__SIZE_TYPE__=unsigned long int' '-D__PTRDIFF_TYPE__=long int' -D__amd64 -D__amd64__ -D__k8 -D__k8__ -D__MMX__ -D__SSE_MATH__ -D__MMX_WITH_SSE__ -D__SSE__ -D__SSE2__ -D__SSE2_MATH__ -D__SSE3__ -D__SSSE3__ -D__SSE4_1__ -D__SSE4_2__ -D__ABM__ -D__ADX__ -D__AES__ -D__AVX__ -D__AVX2__ -D__AVX512BW__ -D__AVX512CD__ -D__AVX512DQ__ -D__AVX512F__ -D__AVX512VL__ -D__AVX512VNNI__ -D__BMI__ -D__BMI2__ -D__CLFLUSHOPT__ -D__CLWB__ -D__CX16__ -D__F16C__ -D__FMA__ -D__FSGSBASE__ -D__FXSR__ -D__LZCNT__ -D__MOVBE__ -D__PCLMUL__ -D__PKU__ -D__POPCNT__ -D__PRFCHW__ -D__RDRND__ -D__RDSEED__ -D__LAHF_SAHF__ -D__XSAVE__ -D__XSAVEC__ -D__XSAVEOPT__ -D__XSAVES__ -D__PGI -D__NVCOMPILER -D_PGCG_SOURCE --c -I- -I/opt/nvidia/hpc_sdk/Linux_x86_64/23.11/compilers/extras/qd/include/qd -I/opt/nvidia/hpc_sdk/Linux_x86_64/23.11/comm_libs/nvshmem/include -I/opt/nvidia/hpc_sdk/Linux_x86_64/23.11/comm_libs/nccl/include -I/opt/nvidia/hpc_sdk/Linux_x86_64/23.11/math_libs/include -I/usr/local/pmix/include -I/usr/local/knem/include -I/usr/local/gdrcopy/include -I/usr/local/pmix/include -I/usr/local/knem/include -I/usr/local/gdrcopy/include -I/usr/local/pmix/include -I/usr/local/knem/include -I/usr/local/gdrcopy/include --sys_include /opt/nvidia/hpc_sdk/Linux_x86_64/23.11/compilers/include --sys_include /opt/nvidia/hpc_sdk/Linux_x86_64/23.11/compilers/include-stdexec --sys_include /usr/local/gdrcopy/include --sys_include . --sys_include /usr/lib/gcc/x86_64-linux-gnu/11/include --sys_include /usr/local/include --sys_include /usr/include/x86_64-linux-gnu --sys_include /usr/include -D__PGLLVM__ -D__NVCOMPILER_LLVM__ -D__extension__= --preinclude _cplus_preinclude.h --preinclude_macros _cplus_macros.h --gnu_version=110400 -D__pgnu_vsn=110400 --no_fixed_bp --dependencies_target_to_stdout CMakeFiles/cmTC_44497.dir/CMakeCCompilerABI.c.o --dependencies_to_file CMakeFiles/cmTC_44497.dir/CMakeCCompilerABI.c.o.d -q -o /tmp/nvchO3mvdYM094O.il /usr/share/cmake-3.22/Modules/CMakeCCompilerABI.c

/opt/nvidia/hpc_sdk/Linux_x86_64/23.11/compilers/bin/tools/cpp2 /usr/share/cmake-3.22/Modules/CMakeCCompilerABI.c -opt 1 -x 119 0xa10000 -x 122 0x40 -x 123 0x1000 -x 127 4 -x 127 17 -x 19 0x400000 -x 28 0x40000 -x 120 0x10000000 -x 70 0x8000 -x 122 1 -x 125 0x20000 -quad -x 59 4 -tp cascadelake -x 120 0x1000 -astype 0 -x 121 1 -fn /usr/share/cmake-3.22/Modules/CMakeCCompilerABI.c -il /tmp/nvchO3mvdYM094O.il -x 123 0x80000000 -x 123 4 -x 2 0x400 -x 209 0x10 -x 119 0x20 -def __pgnu_vsn=110400 -x 70 0x40000000 -x 183 4 -x 121 0x800 -x 6 0x20000 -x 122 0x400000 -y 125 0x100000 -x 249 160 -x 120 0x200000 -x 70 0x40000000 -x 8 0x40000000 -x 164 0x800000 -x 71 0x2000 -x 71 0x4000 -x 34 0x40000000 -x 120 0x1000000 -x 73 0x04 -x 68 0x1 -x 39 4 -x 56 0x10 -x 26 0x10 -x 26 1 -x 56 0x4000 -x 197 0 -x 175 0 -x 203 0 -x 204 0 -y 163 0xc0000000 -x 189 0x10 -y 189 0x4000000 -x 60 512 -gnuvsn 110400 -x 69 0x200 -x 123 0x400 -cmdline '+nvc /tmp/nvchO3mvdYM094O.il -v -MD -MT CMakeFiles/cmTC_44497.dir/CMakeCCompilerABI.c.o -MF CMakeFiles/cmTC_44497.dir/CMakeCCompilerABI.c.o.d -o CMakeFiles/cmTC_44497.dir/CMakeCCompilerABI.c.o -c' -asm /tmp/nvc3O3mLnw8wKmp.ll
NVC++/x86-64 Linux 23.11-0: compilation successful

/opt/nvidia/hpc_sdk/Linux_x86_64/23.11/compilers/share/llvm/bin/llc /tmp/nvc3O3mLnw8wKmp.ll -march=x86-64 -mcpu=native -mattr=+mmx -mattr=+sse -mattr=+sse2 -mattr=+sse3 -mattr=+ssse3 -mattr=+sse4.1 -mattr=+sse4.2 -mattr=+avx -mattr=+avx2 -mattr=+avx512f -mattr=+avx512cd -mattr=+avx512vl -mattr=+avx512bw -mattr=+avx512dq -mattr=+avx512vnni -mattr=+f16c -mattr=+fma -mattr=+xsave -mattr=+xsaveopt -mattr=+xsavec -mattr=+xsaves -mattr=+popcnt -mattr=+aes -mattr=+pclmul -mattr=+clflushopt -mattr=+fsgsbase -mattr=+rdrnd -mattr=+bmi -mattr=+bmi2 -mattr=+lzcnt -mattr=+fxsr -mattr=+pku -mattr=+adx -mattr=+clwb -mattr=+cx16 -mattr=+movbe -mattr=+prfchw -mattr=+rdseed -mattr=+sahf -O1 -opaque-pointers -non-global-value-max-name-size=4294967295 -x86-cmov-converter=0 -dwarf-directory=false -override-aa-for-tbaa=true --align-all-functions=6 -filetype=obj --frame-pointer=none -o CMakeFiles/cmTC_44497.dir/CMakeCCompilerABI.c.o
Unlinking /tmp/nvchO3mvdYM094O.il
Unlinking /tmp/nvc-O3m9DICgvP1.s
Unlinking /tmp/nvc3O3mLnw8wKmp.ll
Unlinking /tmp/nvcVO3mn6N2dSzg.llvm
Linking C executable cmTC_44497
/usr/bin/cmake -E cmake_link_script CMakeFiles/cmTC_44497.dir/link.txt --verbose=1
/opt/nvidia/hpc_sdk/Linux_x86_64/23.11/compilers/bin/nvc  -v CMakeFiles/cmTC_44497.dir/CMakeCCompilerABI.c.o -o cmTC_44497 
Export NVCOMPILER=/opt/nvidia/hpc_sdk/Linux_x86_64/23.11
Export PGI=/opt/nvidia/hpc_sdk

/usr/bin/ld /usr/lib/x86_64-linux-gnu/crt1.o /usr/lib/x86_64-linux-gnu/crti.o /usr/lib/gcc/x86_64-linux-gnu/11//crtbegin.o --eh-frame-hdr -m elf_x86_64 -dynamic-linker /lib64/ld-linux-x86-64.so.2 -T /opt/nvidia/hpc_sdk/Linux_x86_64/23.11/compilers/lib/nvhpc.ld -L/usr/local/gdrcopy/lib64 -L/usr/local/gdrcopy/lib64 -L/usr/local/gdrcopy/lib64 -L/opt/nvidia/hpc_sdk/Linux_x86_64/23.11/compilers/lib -L/usr/lib64 -L/usr/lib/gcc/x86_64-linux-gnu/11/ CMakeFiles/cmTC_44497.dir/CMakeCCompilerABI.c.o -rpath /opt/nvidia/hpc_sdk/Linux_x86_64/23.11/compilers/lib -o cmTC_44497 -L/usr/lib/gcc/x86_64-linux-gnu/11//../../../../lib64 -lnvomp -ldl --as-needed -lnvhpcatm -latomic --no-as-needed -lpthread -lnvcpumath -lnsnvc -lnvc -lgcc -lc -lgcc_s -lm /usr/lib/gcc/x86_64-linux-gnu/11//crtend.o /usr/lib/x86_64-linux-gnu/crtn.o
gmake[1]: Leaving directory '/home/m.unzhakov/parallel/task1/CMakeFiles/CMakeTmp'



Parsed C implicit include dir info from above output: rv=start
  warn: unable to parse implicit include dirs!


Parsed C implicit link information from above output:
  link line regex: [^( *|.*[/\])(ld|CMAKE_LINK_STARTFILE-NOTFOUND|([^/\]+-)?ld|collect2)[^/\]*( |$)]
  ignore line: [Change Dir: /home/m.unzhakov/parallel/task1/CMakeFiles/CMakeTmp]
  ignore line: []
  ignore line: [Run Build Command(s):/usr/bin/gmake -f Makefile cmTC_44497/fast && /usr/bin/gmake  -f CMakeFiles/cmTC_44497.dir/build.make CMakeFiles/cmTC_44497.dir/build]
  ignore line: [gmake[1]: Entering directory '/home/m.unzhakov/parallel/task1/CMakeFiles/CMakeTmp']
  ignore line: [Building C object CMakeFiles/cmTC_44497.dir/CMakeCCompilerABI.c.o]
  ignore line: [/opt/nvidia/hpc_sdk/Linux_x86_64/23.11/compilers/bin/nvc   -v -MD -MT CMakeFiles/cmTC_44497.dir/CMakeCCompilerABI.c.o -MF CMakeFiles/cmTC_44497.dir/CMakeCCompilerABI.c.o.d -o CMakeFiles/cmTC_44497.dir/CMakeCCompilerABI.c.o -c /usr/share/cmake-3.22/Modules/CMakeCCompilerABI.c]
  ignore line: [Export NVCOMPILER=/opt/nvidia/hpc_sdk/Linux_x86_64/23.11]
  ignore line: [Export PGI=/opt/nvidia/hpc_sdk]
  ignore line: [Create file CMakeFiles/cmTC_44497.dir/CMakeCCompilerABI.c.o.d]
  ignore line: []
  ignore line: [/opt/nvidia/hpc_sdk/Linux_x86_64/23.11/compilers/bin/tools/cpp1 --llalign -D__GNUC__=11 -D__GNUC_MINOR__=4 -D__GNUC_PATCHLEVEL__=0 -D__unix -D__unix__ -Dunix -Dlinux -D__linux -D__linux__ -D__NO_MATH_INLINES -D__LP64__ -D__x86_64 -D__x86_64__ -D__LONG_MAX__=9223372036854775807L '-D__SIZE_TYPE__=unsigned long int' '-D__PTRDIFF_TYPE__=long int' -D__amd64 -D__amd64__ -D__k8 -D__k8__ -D__MMX__ -D__SSE_MATH__ -D__MMX_WITH_SSE__ -D__SSE__ -D__SSE2__ -D__SSE2_MATH__ -D__SSE3__ -D__SSSE3__ -D__SSE4_1__ -D__SSE4_2__ -D__ABM__ -D__ADX__ -D__AES__ -D__AVX__ -D__AVX2__ -D__AVX512BW__ -D__AVX512CD__ -D__AVX512DQ__ -D__AVX512F__ -D__AVX512VL__ -D__AVX512VNNI__ -D__BMI__ -D__BMI2__ -D__CLFLUSHOPT__ -D__CLWB__ -D__CX16__ -D__F16C__ -D__FMA__ -D__FSGSBASE__ -D__FXSR__ -D__LZCNT__ -D__MOVBE__ -D__PCLMUL__ -D__PKU__ -D__POPCNT__ -D__PRFCHW__ -D__RDRND__ -D__RDSEED__ -D__LAHF_SAHF__ -D__XSAVE__ -D__XSAVEC__ -D__XSAVEOPT__ -D__XSAVES__ -D__PGI -D__NVCOMPILER -D_PGCG_SOURCE --c -I- -I/opt/nvidia/hpc_sdk/Linux_x86_64/23.11/compilers/extras/qd/include/qd -I/opt/nvidia/hpc_sdk/Linux_x86_64/23.11/comm_libs/nvshmem/include -I/opt/nvidia/hpc_sdk/Linux_x86_64/23.11/comm_libs/nccl/include -I/opt/nvidia/hpc_sdk/Linux_x86_64/23.11/math_libs/include -I/usr/local/pmix/include -I/usr/local/knem/include -I/usr/local/gdrcopy/include -I/usr/local/pmix/include -I/usr/local/knem/include -I/usr/local/gdrcopy/include -I/usr/local/pmix/include -I/usr/local/knem/include -I/usr/local/gdrcopy/include --sys_include /opt/nvidia/hpc_sdk/Linux_x86_64/23.11/compilers/include --sys_include /opt/nvidia/hpc_sdk/Linux_x86_64/23.11/compilers/include-stdexec --sys_include /usr/local/gdrcopy/include --sys_include . --sys_include /usr/lib/gcc/x86_64-linux-gnu/11/include --sys_include /usr/local/include --sys_include /usr/include/x86_64-linux-gnu --sys_include /usr/include -D__PGLLVM__ -D__NVCOMPILER_LLVM__ -D__extension__= --preinclude _cplus_preinclude.h --preinclude_macros _cplus_macros.h --gnu_version=110400 -D__pgnu_vsn=110400 --no_fixed_bp --dependencies_target_to_stdout CMakeFiles/cmTC_44497.dir/CMakeCCompilerABI.c.o --dependencies_to_file CMakeFiles/cmTC_44497.dir/CMakeCCompilerABI.c.o.d -q -o /tmp/nvchO3mvdYM094O.il /usr/share/cmake-3.22/Modules/CMakeCCompilerABI.c]
  ignore line: []
  ignore line: [/opt/nvidia/hpc_sdk/Linux_x86_64/23.11/compilers/bin/tools/cpp2 /usr/share/cmake-3.22/Modules/CMakeCCompilerABI.c -opt 1 -x 119 0xa10000 -x 122 0x40 -x 123 0x1000 -x 127 4 -x 127 17 -x 19 0x400000 -x 28 0x40000 -x 120 0x10000000 -x 70 0x8000 -x 122 1 -x 125 0x20000 -quad -x 59 4 -tp cascadelake -x 120 0x1000 -astype 0 -x 121 1 -fn /usr/share/cmake-3.22/Modules/CMakeCCompilerABI.c -il /tmp/nvchO3mvdYM094O.il -x 123 0x80000000 -x 123 4 -x 2 0x400 -x 209 0x10 -x 119 0x20 -def __pgnu_vsn=110400 -x 70 0x40000000 -x 183 4 -x 121 0x800 -x 6 0x20000 -x 122 0x400000 -y 125 0x100000 -x 249 160 -x 120 0x200000 -x 70 0x40000000 -x 8 0x40000000 -x 164 0x800000 -x 71 0x2000 -x 71 0x4000 -x 34 0x40000000 -x 120 0x1000000 -x 73 0x04 -x 68 0x1 -x 39 4 -x 56 0x10 -x 26 0x10 -x 26 1 -x 56 0x4000 -x 197 0 -x 175 0 -x 203 0 -x 204 0 -y 163 0xc0000000 -x 189 0x10 -y 189 0x4000000 -x 60 512 -gnuvsn 110400 -x 69 0x200 -x 123 0x400 -cmdline '+nvc /tmp/nvchO3mvdYM094O.il -v -MD -MT CMakeFiles/cmTC_44497.dir/CMakeCCompilerABI.c.o -MF CMakeFiles/cmTC_44497.dir/CMakeCCompilerABI.c.o.d -o CMakeFiles/cmTC_44497.dir/CMakeCCompilerABI.c.o -c' -asm /tmp/nvc3O3mLnw8wKmp.ll]
  ignore line: [NVC++/x86-64 Linux 23.11-0: compilation successful]
  ignore line: []
  ignore line: [/opt/nvidia/hpc_sdk/Linux_x86_64/23.11/compilers/share/llvm/bin/llc /tmp/nvc3O3mLnw8wKmp.ll -march=x86-64 -mcpu=native -mattr=+mmx -mattr=+sse -mattr=+sse2 -mattr=+sse3 -mattr=+ssse3 -mattr=+sse4.1 -mattr=+sse4.2 -mattr=+avx -mattr=+avx2 -mattr=+avx512f -mattr=+avx512cd -mattr=+avx512vl -mattr=+avx512bw -mattr=+avx512dq -mattr=+avx512vnni -mattr=+f16c -mattr=+fma -mattr=+xsave -mattr=+xsaveopt -mattr=+xsavec -mattr=+xsaves -mattr=+popcnt -mattr=+aes -mattr=+pclmul -mattr=+clflushopt -mattr=+fsgsbase -mattr=+rdrnd -mattr=+bmi -mattr=+bmi2 -mattr=+lzcnt -mattr=+fxsr -mattr=+pku -mattr=+adx -mattr=+clwb -mattr=+cx16 -mattr=+movbe -mattr=+prfchw -mattr=+rdseed -mattr=+sahf -O1 -opaque-pointers -non-global-value-max-name-size=4294967295 -x86-cmov-converter=0 -dwarf-directory=false -override-aa-for-tbaa=true --align-all-functions=6 -filetype=obj --frame-pointer=none -o CMakeFiles/cmTC_44497.dir/CMakeCCompilerABI.c.o]
  ignore line: [Unlinking /tmp/nvchO3mvdYM094O.il]
  ignore line: [Unlinking /tmp/nvc-O3m9DICgvP1.s]
  ignore line: [Unlinking /tmp/nvc3O3mLnw8wKmp.ll]
  ignore line: [Unlinking /tmp/nvcVO3mn6N2dSzg.llvm]
  ignore line: [Linking C executable cmTC_44497]
  ignore line: [/usr/bin/cmake -E cmake_link_script CMakeFiles/cmTC_44497.dir/link.txt --verbose=1]
  ignore line: [/opt/nvidia/hpc_sdk/Linux_x86_64/23.11/compilers/bin/nvc  -v CMakeFiles/cmTC_44497.dir/CMakeCCompilerABI.c.o -o cmTC_44497 ]
  ignore line: [Export NVCOMPILER=/opt/nvidia/hpc_sdk/Linux_x86_64/23.11]
  ignore line: [Export PGI=/opt/nvidia/hpc_sdk]
  ignore line: []
  link line: [/usr/bin/ld /usr/lib/x86_64-linux-gnu/crt1.o /usr/lib/x86_64-linux-gnu/crti.o /usr/lib/gcc/x86_64-linux-gnu/11//crtbegin.o --eh-frame-hdr -m elf_x86_64 -dynamic-linker /lib64/ld-linux-x86-64.so.2 -T /opt/nvidia/hpc_sdk/Linux_x86_64/23.11/compilers/lib/nvhpc.ld -L/usr/local/gdrcopy/lib64 -L/usr/local/gdrcopy/lib64 -L/usr/local/gdrcopy/lib64 -L/opt/nvidia/hpc_sdk/Linux_x86_64/23.11/compilers/lib -L/usr/lib64 -L/usr/lib/gcc/x86_64-linux-gnu/11/ CMakeFiles/cmTC_44497.dir/CMakeCCompilerABI.c.o -rpath /opt/nvidia/hpc_sdk/Linux_x86_64/23.11/compilers/lib -o cmTC_44497 -L/usr/lib/gcc/x86_64-linux-gnu/11//../../../../lib64 -lnvomp -ldl --as-needed -lnvhpcatm -latomic --no-as-needed -lpthread -lnvcpumath -lnsnvc -lnvc -lgcc -lc -lgcc_s -lm /usr/lib/gcc/x86_64-linux-gnu/11//crtend.o /usr/lib/x86_64-linux-gnu/crtn.o]
    arg [/usr/bin/ld] ==> ignore
    arg [/usr/lib/x86_64-linux-gnu/crt1.o] ==> obj [/usr/lib/x86_64-linux-gnu/crt1.o]
    arg [/usr/lib/x86_64-linux-gnu/crti.o] ==> obj [/usr/lib/x86_64-linux-gnu/crti.o]
    arg [/usr/lib/gcc/x86_64-linux-gnu/11//crtbegin.o] ==> obj [/usr/lib/gcc/x86_64-linux-gnu/11//crtbegin.o]
    arg [--eh-frame-hdr] ==> ignore
    arg [-m] ==> ignore
    arg [elf_x86_64] ==> ignore
    arg [-dynamic-linker] ==> ignore
    arg [/lib64/ld-linux-x86-64.so.2] ==> ignore
    arg [-T] ==> ignore
    arg [/opt/nvidia/hpc_sdk/Linux_x86_64/23.11/compilers/lib/nvhpc.ld] ==> ignore
    arg [-L/usr/local/gdrcopy/lib64] ==> dir [/usr/local/gdrcopy/lib64]
    arg [-L/usr/local/gdrcopy/lib64] ==> dir [/usr/local/gdrcopy/lib64]
    arg [-L/usr/local/gdrcopy/lib64] ==> dir [/usr/local/gdrcopy/lib64]
    arg [-L/opt/nvidia/hpc_sdk/Linux_x86_64/23.11/compilers/lib] ==> dir [/opt/nvidia/hpc_sdk/Linux_x86_64/23.11/compilers/lib]
    arg [-L/usr/lib64] ==> dir [/usr/lib64]
    arg [-L/usr/lib/gcc/x86_64-linux-gnu/11/] ==> dir [/usr/lib/gcc/x86_64-linux-gnu/11/]
    arg [CMakeFiles/cmTC_44497.dir/CMakeCCompilerABI.c.o] ==> ignore
    arg [-rpath] ==> ignore
    arg [/opt/nvidia/hpc_sdk/Linux_x86_64/23.11/compilers/lib] ==> ignore
    arg [-o] ==> ignore
    arg [cmTC_44497] ==> ignore
    arg [-L/usr/lib/gcc/x86_64-linux-gnu/11//../../../../lib64] ==> dir [/usr/lib/gcc/x86_64-linux-gnu/11//../../../../lib64]
    arg [-lnvomp] ==> lib [nvomp]
    arg [-ldl] ==> lib [dl]
    arg [--as-needed] ==> ignore
    arg [-lnvhpcatm] ==> lib [nvhpcatm]
    arg [-latomic] ==> lib [atomic]
    arg [--no-as-needed] ==> ignore
    arg [-lpthread] ==> lib [pthread]
    arg [-lnvcpumath] ==> lib [nvcpumath]
    arg [-lnsnvc] ==> lib [nsnvc]
    arg [-lnvc] ==> lib [nvc]
    arg [-lgcc] ==> lib [gcc]
    arg [-lc] ==> lib [c]
    arg [-lgcc_s] ==> lib [gcc_s]
    arg [-lm] ==> lib [m]
    arg [/usr/lib/gcc/x86_64-linux-gnu/11//crtend.o] ==> obj [/usr/lib/gcc/x86_64-linux-gnu/11//crtend.o]
    arg [/usr/lib/x86_64-linux-gnu/crtn.o] ==> obj [/usr/lib/x86_64-linux-gnu/crtn.o]
  collapse obj [/usr/lib/gcc/x86_64-linux-gnu/11//crtbegin.o] ==> [/usr/lib/gcc/x86_64-linux-gnu/11/crtbegin.o]
  collapse obj [/usr/lib/gcc/x86_64-linux-gnu/11//crtend.o] ==> [/usr/lib/gcc/x86_64-linux-gnu/11/crtend.o]
  collapse library dir [/usr/local/gdrcopy/lib64] ==> [/usr/local/gdrcopy/lib64]
  collapse library dir [/usr/local/gdrcopy/lib64] ==> [/usr/local/gdrcopy/lib64]
  collapse library dir [/usr/local/gdrcopy/lib64] ==> [/usr/local/gdrcopy/lib64]
  collapse library dir [/opt/nvidia/hpc_sdk/Linux_x86_64/23.11/compilers/lib] ==> [/opt/nvidia/hpc_sdk/Linux_x86_64/23.11/compilers/lib]
  collapse library dir [/usr/lib64] ==> [/usr/lib64]
  collapse library dir [/usr/lib/gcc/x86_64-linux-gnu/11/] ==> [/usr/lib/gcc/x86_64-linux-gnu/11]
  collapse library dir [/usr/lib/gcc/x86_64-linux-gnu/11//../../../../lib64] ==> [/usr/lib64]
  implicit libs: [nvomp;dl;nvhpcatm;atomic;pthread;nvcpumath;nsnvc;nvc;gcc;c;gcc_s;m]
  implicit objs: [/usr/lib/x86_64-linux-gnu/crt1.o;/usr/lib/x86_64-linux-gnu/crti.o;/usr/lib/gcc/x86_64-linux-gnu/11/crtbegin.o;/usr/lib/gcc/x86_64-linux-gnu/11/crtend.o;/usr/lib/x86_64-linux-gnu/crtn.o]
  implicit dirs: [/usr/local/gdrcopy/lib64;/opt/nvidia/hpc_sdk/Linux_x86_64/23.11/compilers/lib;/usr/lib64;/usr/lib/gcc/x86_64-linux-gnu/11]
  implicit fwks: []


Detecting CXX compiler ABI info compiled with the following output:
Change Dir: /home/m.unzhakov/parallel/task1/CMakeFiles/CMakeTmp

Run Build Command(s):/usr/bin/gmake -f Makefile cmTC_8c075/fast && /usr/bin/gmake  -f CMakeFiles/cmTC_8c075.dir/build.make CMakeFiles/cmTC_8c075.dir/build
gmake[1]: Entering directory '/home/m.unzhakov/parallel/task1/CMakeFiles/CMakeTmp'
Building CXX object CMakeFiles/cmTC_8c075.dir/CMakeCXXCompilerABI.cpp.o
/opt/nvidia/hpc_sdk/Linux_x86_64/23.11/compilers/bin/nvc++   -v -MD -MT CMakeFiles/cmTC_8c075.dir/CMakeCXXCompilerABI.cpp.o -MF CMakeFiles/cmTC_8c075.dir/CMakeCXXCompilerABI.cpp.o.d -o CMakeFiles/cmTC_8c075.dir/CMakeCXXCompilerABI.cpp.o -c /usr/share/cmake-3.22/Modules/CMakeCXXCompilerABI.cpp
Export NVCOMPILER=/opt/nvidia/hpc_sdk/Linux_x86_64/23.11
Export PGI=/opt/nvidia/hpc_sdk
Create file CMakeFiles/cmTC_8c075.dir/CMakeCXXCompilerABI.cpp.o.d

/opt/nvidia/hpc_sdk/Linux_x86_64/23.11/compilers/bin/tools/cpp1 --llalign -D__GNUC__=11 -D__GNUC_MINOR__=4 -D__GNUC_PATCHLEVEL__=0 -D__unix -D__unix__ -Dunix -Dlinux -D__linux -D__linux__ -D__NO_MATH_INLINES -D__LP64__ -D__x86_64 -D__x86_64__ -D__LONG_MAX__=9223372036854775807L '-D__SIZE_TYPE__=unsigned long int' '-D__PTRDIFF_TYPE__=long int' -D__amd64 -D__amd64__ -D__k8 -D__k8__ -D__MMX__ -D__SSE_MATH__ -D__MMX_WITH_SSE__ -D__SSE__ -D__SSE2__ -D__SSE2_MATH__ -D__SSE3__ -D__SSSE3__ -D__SSE4_1__ -D__SSE4_2__ -D__ABM__ -D__ADX__ -D__AES__ -D__AVX__ -D__AVX2__ -D__AVX512BW__ -D__AVX512CD__ -D__AVX512DQ__ -D__AVX512F__ -D__AVX512VL__ -D__AVX512VNNI__ -D__BMI__ -D__BMI2__ -D__CLFLUSHOPT__ -D__CLWB__ -D__CX16__ -D__F16C__ -D__FMA__ -D__FSGSBASE__ -D__FXSR__ -D__LZCNT__ -D__MOVBE__ -D__PCLMUL__ -D__PKU__ -D__POPCNT__ -D__PRFCHW__ -D__RDRND__ -D__RDSEED__ -D__LAHF_SAHF__ -D__XSAVE__ -D__XSAVEC__ -D__XSAVEOPT__ -D__XSAVES__ -D__PGI -D__NVCOMPILER -D_GNU_SOURCE -D_PGCG_SOURCE -I- -I/opt/nvidia/hpc_sdk/Linux_x86_64/23.11/compilers/extras/qd/include/qd -I/opt/nvidia/hpc_sdk/Linux_x86_64/23.11/comm_libs/nvshmem/include -I/opt/nvidia/hpc_sdk/Linux_x86_64/23.11/comm_libs/nccl/include -I/opt/nvidia/hpc_sdk/Linux_x86_64/23.11/math_libs/include -I/usr/local/pmix/include -I/usr/local/knem/include -I/usr/local/gdrcopy/include -I/usr/local/pmix/include -I/usr/local/knem/include -I/usr/local/gdrcopy/include -I/usr/local/pmix/include -I/usr/local/knem/include -I/usr/local/gdrcopy/include --sys_include /opt/nvidia/hpc_sdk/Linux_x86_64/23.11/compilers/include --sys_include /opt/nvidia/hpc_sdk/Linux_x86_64/23.11/compilers/include-stdexec --sys_include /usr/local/gdrcopy/include --sys_include . --sys_include /usr/include/c++/11 --sys_include /usr/include/x86_64-linux-gnu/c++/11 --sys_include /usr/include/c++/11/backward --sys_include /usr/lib/gcc/x86_64-linux-gnu/11/include --sys_include /usr/local/include --sys_include /usr/include/x86_64-linux-gnu --sys_include /usr/include -D__PGLLVM__ -D__NVCOMPILER_LLVM__ -D__extension__= --preinclude _cplus_preinclude.h --preinclude_macros _cplus_macros.h --gnu_version=110400 -D__pgnu_vsn=110400 --no_fixed_bp --dependencies_target_to_stdout CMakeFiles/cmTC_8c075.dir/CMakeCXXCompilerABI.cpp.o --dependencies_to_file CMakeFiles/cmTC_8c075.dir/CMakeCXXCompilerABI.cpp.o.d -q -o /tmp/nvc++ce4mgL41ya83.il /usr/share/cmake-3.22/Modules/CMakeCXXCompilerABI.cpp

/opt/nvidia/hpc_sdk/Linux_x86_64/23.11/compilers/bin/tools/cpp2 /usr/share/cmake-3.22/Modules/CMakeCXXCompilerABI.cpp -opt 1 -x 119 0xa10000 -x 122 0x40 -x 123 0x1000 -x 127 4 -x 127 17 -x 19 0x400000 -x 28 0x40000 -x 120 0x10000000 -x 70 0x8000 -x 122 1 -x 125 0x20000 -quad -x 59 4 -tp cascadelake -x 120 0x1000 -astype 0 -x 121 1 -fn /usr/share/cmake-3.22/Modules/CMakeCXXCompilerABI.cpp -il /tmp/nvc++ce4mgL41ya83.il -x 117 0x200 -x 123 0x80000000 -x 123 4 -x 2 0x400 -x 209 0x10 -x 119 0x20 -def __pgnu_vsn=110400 -x 70 0x40000000 -x 183 4 -x 121 0x800 -x 6 0x20000 -x 249 160 -x 120 0x200000 -x 70 0x40000000 -x 8 0x40000000 -x 164 0x800000 -x 71 0x2000 -x 71 0x4000 -x 34 0x40000000 -x 120 0x1000000 -x 73 0x04 -x 68 0x1 -x 39 4 -x 56 0x10 -x 26 0x10 -x 26 1 -x 56 0x4000 -x 197 0 -x 175 0 -x 203 0 -x 204 0 -y 163 0xc0000000 -x 189 0x10 -y 189 0x4000000 -x 60 512 -gnuvsn 110400 -x 69 0x200 -x 123 0x400 -cmdline '+nvc++ /tmp/nvc++ce4mgL41ya83.il -v -MD -MT CMakeFiles/cmTC_8c075.dir/CMakeCXXCompilerABI.cpp.o -MF CMakeFiles/cmTC_8c075.dir/CMakeCXXCompilerABI.cpp.o.d -o CMakeFiles/cmTC_8c075.dir/CMakeCXXCompilerABI.cpp.o -c' -asm /tmp/nvc++Ie4mM8MU6sHr.ll
NVC++/x86-64 Linux 23.11-0: compilation successful

/opt/nvidia/hpc_sdk/Linux_x86_64/23.11/compilers/share/llvm/bin/llc /tmp/nvc++Ie4mM8MU6sHr.ll -march=x86-64 -mcpu=native -mattr=+mmx -mattr=+sse -mattr=+sse2 -mattr=+sse3 -mattr=+ssse3 -mattr=+sse4.1 -mattr=+sse4.2 -mattr=+avx -mattr=+avx2 -mattr=+avx512f -mattr=+avx512cd -mattr=+avx512vl -mattr=+avx512bw -mattr=+avx512dq -mattr=+avx512vnni -mattr=+f16c -mattr=+fma -mattr=+xsave -mattr=+xsaveopt -mattr=+xsavec -mattr=+xsaves -mattr=+popcnt -mattr=+aes -mattr=+pclmul -mattr=+clflushopt -mattr=+fsgsbase -mattr=+rdrnd -mattr=+bmi -mattr=+bmi2 -mattr=+lzcnt -mattr=+fxsr -mattr=+pku -mattr=+adx -mattr=+clwb -mattr=+cx16 -mattr=+movbe -mattr=+prfchw -mattr=+rdseed -mattr=+sahf -O1 -opaque-pointers -non-global-value-max-name-size=4294967295 -x86-cmov-converter=0 -dwarf-directory=false -override-aa-for-tbaa=true --align-all-functions=6 -filetype=obj --frame-pointer=none -o CMakeFiles/cmTC_8c075.dir/CMakeCXXCompilerABI.cpp.o
Unlinking /tmp/nvc++ce4mgL41ya83.il
Unlinking /tmp/nvc++se4m2n9nIoId.s
Unlinking /tmp/nvc++Ie4mM8MU6sHr.ll
Unlinking /tmp/nvc++Ye4mwHEC0zoU.llvm
Linking CXX executable cmTC_8c075
/usr/bin/cmake -E cmake_link_script CMakeFiles/cmTC_8c075.dir/link.txt --verbose=1
/opt/nvidia/hpc_sdk/Linux_x86_64/23.11/compilers/bin/nvc++  -v CMakeFiles/cmTC_8c075.dir/CMakeCXXCompilerABI.cpp.o -o cmTC_8c075 
Export NVCOMPILER=/opt/nvidia/hpc_sdk/Linux_x86_64/23.11
Export PGI=/opt/nvidia/hpc_sdk

/usr/bin/ld /usr/lib/x86_64-linux-gnu/crt1.o /usr/lib/x86_64-linux-gnu/crti.o /usr/lib/gcc/x86_64-linux-gnu/11//crtbegin.o --eh-frame-hdr -m elf_x86_64 -dynamic-linker /lib64/ld-linux-x86-64.so.2 -T /opt/nvidia/hpc_sdk/Linux_x86_64/23.11/compilers/lib/nvhpc.ld -L/usr/local/gdrcopy/lib64 -L/usr/local/gdrcopy/lib64 -L/usr/local/gdrcopy/lib64 -L/opt/nvidia/hpc_sdk/Linux_x86_64/23.11/compilers/lib -L/usr/lib64 -L/usr/lib/gcc/x86_64-linux-gnu/11/ CMakeFiles/cmTC_8c075.dir/CMakeCXXCompilerABI.cpp.o -rpath /opt/nvidia/hpc_sdk/Linux_x86_64/23.11/compilers/lib -o cmTC_8c075 -L/usr/lib/gcc/x86_64-linux-gnu/11//../../../../lib64 -latomic -lnvhpcatm -lstdc++ -lnvomp -ldl --as-needed -lnvhpcatm -latomic --no-as-needed -lpthread -lnvcpumath -lnsnvc -lnvc -lgcc -lc -lgcc_s -lm /usr/lib/gcc/x86_64-linux-gnu/11//crtend.o /usr/lib/x86_64-linux-gnu/crtn.o
gmake[1]: Leaving directory '/home/m.unzhakov/parallel/task1/CMakeFiles/CMakeTmp'



Parsed CXX implicit include dir info from above output: rv=start
  warn: unable to parse implicit include dirs!


Parsed CXX implicit link information from above output:
  link line regex: [^( *|.*[/\])(ld|CMAKE_LINK_STARTFILE-NOTFOUND|([^/\]+-)?ld|collect2)[^/\]*( |$)]
  ignore line: [Change Dir: /home/m.unzhakov/parallel/task1/CMakeFiles/CMakeTmp]
  ignore line: []
  ignore line: [Run Build Command(s):/usr/bin/gmake -f Makefile cmTC_8c075/fast && /usr/bin/gmake  -f CMakeFiles/cmTC_8c075.dir/build.make CMakeFiles/cmTC_8c075.dir/build]
  ignore line: [gmake[1]: Entering directory '/home/m.unzhakov/parallel/task1/CMakeFiles/CMakeTmp']
  ignore line: [Building CXX object CMakeFiles/cmTC_8c075.dir/CMakeCXXCompilerABI.cpp.o]
  ignore line: [/opt/nvidia/hpc_sdk/Linux_x86_64/23.11/compilers/bin/nvc++   -v -MD -MT CMakeFiles/cmTC_8c075.dir/CMakeCXXCompilerABI.cpp.o -MF CMakeFiles/cmTC_8c075.dir/CMakeCXXCompilerABI.cpp.o.d -o CMakeFiles/cmTC_8c075.dir/CMakeCXXCompilerABI.cpp.o -c /usr/share/cmake-3.22/Modules/CMakeCXXCompilerABI.cpp]
  ignore line: [Export NVCOMPILER=/opt/nvidia/hpc_sdk/Linux_x86_64/23.11]
  ignore line: [Export PGI=/opt/nvidia/hpc_sdk]
  ignore line: [Create file CMakeFiles/cmTC_8c075.dir/CMakeCXXCompilerABI.cpp.o.d]
  ignore line: []
  ignore line: [/opt/nvidia/hpc_sdk/Linux_x86_64/23.11/compilers/bin/tools/cpp1 --llalign -D__GNUC__=11 -D__GNUC_MINOR__=4 -D__GNUC_PATCHLEVEL__=0 -D__unix -D__unix__ -Dunix -Dlinux -D__linux -D__linux__ -D__NO_MATH_INLINES -D__LP64__ -D__x86_64 -D__x86_64__ -D__LONG_MAX__=9223372036854775807L '-D__SIZE_TYPE__=unsigned long int' '-D__PTRDIFF_TYPE__=long int' -D__amd64 -D__amd64__ -D__k8 -D__k8__ -D__MMX__ -D__SSE_MATH__ -D__MMX_WITH_SSE__ -D__SSE__ -D__SSE2__ -D__SSE2_MATH__ -D__SSE3__ -D__SSSE3__ -D__SSE4_1__ -D__SSE4_2__ -D__ABM__ -D__ADX__ -D__AES__ -D__AVX__ -D__AVX2__ -D__AVX512BW__ -D__AVX512CD__ -D__AVX512DQ__ -D__AVX512F__ -D__AVX512VL__ -D__AVX512VNNI__ -D__BMI__ -D__BMI2__ -D__CLFLUSHOPT__ -D__CLWB__ -D__CX16__ -D__F16C__ -D__FMA__ -D__FSGSBASE__ -D__FXSR__ -D__LZCNT__ -D__MOVBE__ -D__PCLMUL__ -D__PKU__ -D__POPCNT__ -D__PRFCHW__ -D__RDRND__ -D__RDSEED__ -D__LAHF_SAHF__ -D__XSAVE__ -D__XSAVEC__ -D__XSAVEOPT__ -D__XSAVES__ -D__PGI -D__NVCOMPILER -D_GNU_SOURCE -D_PGCG_SOURCE -I- -I/opt/nvidia/hpc_sdk/Linux_x86_64/23.11/compilers/extras/qd/include/qd -I/opt/nvidia/hpc_sdk/Linux_x86_64/23.11/comm_libs/nvshmem/include -I/opt/nvidia/hpc_sdk/Linux_x86_64/23.11/comm_libs/nccl/include -I/opt/nvidia/hpc_sdk/Linux_x86_64/23.11/math_libs/include -I/usr/local/pmix/include -I/usr/local/knem/include -I/usr/local/gdrcopy/include -I/usr/local/pmix/include -I/usr/local/knem/include -I/usr/local/gdrcopy/include -I/usr/local/pmix/include -I/usr/local/knem/include -I/usr/local/gdrcopy/include --sys_include /opt/nvidia/hpc_sdk/Linux_x86_64/23.11/compilers/include --sys_include /opt/nvidia/hpc_sdk/Linux_x86_64/23.11/compilers/include-stdexec --sys_include /usr/local/gdrcopy/include --sys_include . --sys_include /usr/include/c++/11 --sys_include /usr/include/x86_64-linux-gnu/c++/11 --sys_include /usr/include/c++/11/backward --sys_include /usr/lib/gcc/x86_64-linux-gnu/11/include --sys_include /usr/local/include --sys_include /usr/include/x86_64-linux-gnu --sys_include /usr/include -D__PGLLVM__ -D__NVCOMPILER_LLVM__ -D__extension__= --preinclude _cplus_preinclude.h --preinclude_macros _cplus_macros.h --gnu_version=110400 -D__pgnu_vsn=110400 --no_fixed_bp --dependencies_target_to_stdout CMakeFiles/cmTC_8c075.dir/CMakeCXXCompilerABI.cpp.o --dependencies_to_file CMakeFiles/cmTC_8c075.dir/CMakeCXXCompilerABI.cpp.o.d -q -o /tmp/nvc++ce4mgL41ya83.il /usr/share/cmake-3.22/Modules/CMakeCXXCompilerABI.cpp]
  ignore line: []
  ignore line: [/opt/nvidia/hpc_sdk/Linux_x86_64/23.11/compilers/bin/tools/cpp2 /usr/share/cmake-3.22/Modules/CMakeCXXCompilerABI.cpp -opt 1 -x 119 0xa10000 -x 122 0x40 -x 123 0x1000 -x 127 4 -x 127 17 -x 19 0x400000 -x 28 0x40000 -x 120 0x10000000 -x 70 0x8000 -x 122 1 -x 125 0x20000 -quad -x 59 4 -tp cascadelake -x 120 0x1000 -astype 0 -x 121 1 -fn /usr/share/cmake-3.22/Modules/CMakeCXXCompilerABI.cpp -il /tmp/nvc++ce4mgL41ya83.il -x 117 0x200 -x 123 0x80000000 -x 123 4 -x 2 0x400 -x 209 0x10 -x 119 0x20 -def __pgnu_vsn=110400 -x 70 0x40000000 -x 183 4 -x 121 0x800 -x 6 0x20000 -x 249 160 -x 120 0x200000 -x 70 0x40000000 -x 8 0x40000000 -x 164 0x800000 -x 71 0x2000 -x 71 0x4000 -x 34 0x40000000 -x 120 0x1000000 -x 73 0x04 -x 68 0x1 -x 39 4 -x 56 0x10 -x 26 0x10 -x 26 1 -x 56 0x4000 -x 197 0 -x 175 0 -x 203 0 -x 204 0 -y 163 0xc0000000 -x 189 0x10 -y 189 0x4000000 -x 60 512 -gnuvsn 110400 -x 69 0x200 -x 123 0x400 -cmdline '+nvc++ /tmp/nvc++ce4mgL41ya83.il -v -MD -MT CMakeFiles/cmTC_8c075.dir/CMakeCXXCompilerABI.cpp.o -MF CMakeFiles/cmTC_8c075.dir/CMakeCXXCompilerABI.cpp.o.d -o CMakeFiles/cmTC_8c075.dir/CMakeCXXCompilerABI.cpp.o -c' -asm /tmp/nvc++Ie4mM8MU6sHr.ll]
  ignore line: [NVC++/x86-64 Linux 23.11-0: compilation successful]
  ignore line: []
  ignore line: [/opt/nvidia/hpc_sdk/Linux_x86_64/23.11/compilers/share/llvm/bin/llc /tmp/nvc++Ie4mM8MU6sHr.ll -march=x86-64 -mcpu=native -mattr=+mmx -mattr=+sse -mattr=+sse2 -mattr=+sse3 -mattr=+ssse3 -mattr=+sse4.1 -mattr=+sse4.2 -mattr=+avx -mattr=+avx2 -mattr=+avx512f -mattr=+avx512cd -mattr=+avx512vl -mattr=+avx512bw -mattr=+avx512dq -mattr=+avx512vnni -mattr=+f16c -mattr=+fma -mattr=+xsave -mattr=+xsaveopt -mattr=+xsavec -mattr=+xsaves -mattr=+popcnt -mattr=+aes -mattr=+pclmul -mattr=+clflushopt -mattr=+fsgsbase -mattr=+rdrnd -mattr=+bmi -mattr=+bmi2 -mattr=+lzcnt -mattr=+fxsr -mattr=+pku -mattr=+adx -mattr=+clwb -mattr=+cx16 -mattr=+movbe -mattr=+prfchw -mattr=+rdseed -mattr=+sahf -O1 -opaque-pointers -non-global-value-max-name-size=4294967295 -x86-cmov-converter=0 -dwarf-directory=false -override-aa-for-tbaa=true --align-all-functions=6 -filetype=obj --frame-pointer=none -o CMakeFiles/cmTC_8c075.dir/CMakeCXXCompilerABI.cpp.o]
  ignore line: [Unlinking /tmp/nvc++ce4mgL41ya83.il]
  ignore line: [Unlinking /tmp/nvc++se4m2n9nIoId.s]
  ignore line: [Unlinking /tmp/nvc++Ie4mM8MU6sHr.ll]
  ignore line: [Unlinking /tmp/nvc++Ye4mwHEC0zoU.llvm]
  ignore line: [Linking CXX executable cmTC_8c075]
  ignore line: [/usr/bin/cmake -E cmake_link_script CMakeFiles/cmTC_8c075.dir/link.txt --verbose=1]
  ignore line: [/opt/nvidia/hpc_sdk/Linux_x86_64/23.11/compilers/bin/nvc++  -v CMakeFiles/cmTC_8c075.dir/CMakeCXXCompilerABI.cpp.o -o cmTC_8c075 ]
  ignore line: [Export NVCOMPILER=/opt/nvidia/hpc_sdk/Linux_x86_64/23.11]
  ignore line: [Export PGI=/opt/nvidia/hpc_sdk]
  ignore line: []
  link line: [/usr/bin/ld /usr/lib/x86_64-linux-gnu/crt1.o /usr/lib/x86_64-linux-gnu/crti.o /usr/lib/gcc/x86_64-linux-gnu/11//crtbegin.o --eh-frame-hdr -m elf_x86_64 -dynamic-linker /lib64/ld-linux-x86-64.so.2 -T /opt/nvidia/hpc_sdk/Linux_x86_64/23.11/compilers/lib/nvhpc.ld -L/usr/local/gdrcopy/lib64 -L/usr/local/gdrcopy/lib64 -L/usr/local/gdrcopy/lib64 -L/opt/nvidia/hpc_sdk/Linux_x86_64/23.11/compilers/lib -L/usr/lib64 -L/usr/lib/gcc/x86_64-linux-gnu/11/ CMakeFiles/cmTC_8c075.dir/CMakeCXXCompilerABI.cpp.o -rpath /opt/nvidia/hpc_sdk/Linux_x86_64/23.11/compilers/lib -o cmTC_8c075 -L/usr/lib/gcc/x86_64-linux-gnu/11//../../../../lib64 -latomic -lnvhpcatm -lstdc++ -lnvomp -ldl --as-needed -lnvhpcatm -latomic --no-as-needed -lpthread -lnvcpumath -lnsnvc -lnvc -lgcc -lc -lgcc_s -lm /usr/lib/gcc/x86_64-linux-gnu/11//crtend.o /usr/lib/x86_64-linux-gnu/crtn.o]
    arg [/usr/bin/ld] ==> ignore
    arg [/usr/lib/x86_64-linux-gnu/crt1.o] ==> obj [/usr/lib/x86_64-linux-gnu/crt1.o]
    arg [/usr/lib/x86_64-linux-gnu/crti.o] ==> obj [/usr/lib/x86_64-linux-gnu/crti.o]
    arg [/usr/lib/gcc/x86_64-linux-gnu/11//crtbegin.o] ==> obj [/usr/lib/gcc/x86_64-linux-gnu/11//crtbegin.o]
    arg [--eh-frame-hdr] ==> ignore
    arg [-m] ==> ignore
    arg [elf_x86_64] ==> ignore
    arg [-dynamic-linker] ==> ignore
    arg [/lib64/ld-linux-x86-64.so.2] ==> ignore
    arg [-T] ==> ignore
    arg [/opt/nvidia/hpc_sdk/Linux_x86_64/23.11/compilers/lib/nvhpc.ld] ==> ignore
    arg [-L/usr/local/gdrcopy/lib64] ==> dir [/usr/local/gdrcopy/lib64]
    arg [-L/usr/local/gdrcopy/lib64] ==> dir [/usr/local/gdrcopy/lib64]
    arg [-L/usr/local/gdrcopy/lib64] ==> dir [/usr/local/gdrcopy/lib64]
    arg [-L/opt/nvidia/hpc_sdk/Linux_x86_64/23.11/compilers/lib] ==> dir [/opt/nvidia/hpc_sdk/Linux_x86_64/23.11/compilers/lib]
    arg [-L/usr/lib64] ==> dir [/usr/lib64]
    arg [-L/usr/lib/gcc/x86_64-linux-gnu/11/] ==> dir [/usr/lib/gcc/x86_64-linux-gnu/11/]
    arg [CMakeFiles/cmTC_8c075.dir/CMakeCXXCompilerABI.cpp.o] ==> ignore
    arg [-rpath] ==> ignore
    arg [/opt/nvidia/hpc_sdk/Linux_x86_64/23.11/compilers/lib] ==> ignore
    arg [-o] ==> ignore
    arg [cmTC_8c075] ==> ignore
    arg [-L/usr/lib/gcc/x86_64-linux-gnu/11//../../../../lib64] ==> dir [/usr/lib/gcc/x86_64-linux-gnu/11//../../../../lib64]
    arg [-latomic] ==> lib [atomic]
    arg [-lnvhpcatm] ==> lib [nvhpcatm]
    arg [-lstdc++] ==> lib [stdc++]
    arg [-lnvomp] ==> lib [nvomp]
    arg [-ldl] ==> lib [dl]
    arg [--as-needed] ==> ignore
    arg [-lnvhpcatm] ==> lib [nvhpcatm]
    arg [-latomic] ==> lib [atomic]
    arg [--no-as-needed] ==> ignore
    arg [-lpthread] ==> lib [pthread]
    arg [-lnvcpumath] ==> lib [nvcpumath]
    arg [-lnsnvc] ==> lib [nsnvc]
    arg [-lnvc] ==> lib [nvc]
    arg [-lgcc] ==> lib [gcc]
    arg [-lc] ==> lib [c]
    arg [-lgcc_s] ==> lib [gcc_s]
    arg [-lm] ==> lib [m]
    arg [/usr/lib/gcc/x86_64-linux-gnu/11//crtend.o] ==> obj [/usr/lib/gcc/x86_64-linux-gnu/11//crtend.o]
    arg [/usr/lib/x86_64-linux-gnu/crtn.o] ==> obj [/usr/lib/x86_64-linux-gnu/crtn.o]
  collapse obj [/usr/lib/gcc/x86_64-linux-gnu/11//crtbegin.o] ==> [/usr/lib/gcc/x86_64-linux-gnu/11/crtbegin.o]
  collapse obj [/usr/lib/gcc/x86_64-linux-gnu/11//crtend.o] ==> [/usr/lib/gcc/x86_64-linux-gnu/11/crtend.o]
  collapse library dir [/usr/local/gdrcopy/lib64] ==> [/usr/local/gdrcopy/lib64]
  collapse library dir [/usr/local/gdrcopy/lib64] ==> [/usr/local/gdrcopy/lib64]
  collapse library dir [/usr/local/gdrcopy/lib64] ==> [/usr/local/gdrcopy/lib64]
  collapse library dir [/opt/nvidia/hpc_sdk/Linux_x86_64/23.11/compilers/lib] ==> [/opt/nvidia/hpc_sdk/Linux_x86_64/23.11/compilers/lib]
  collapse library dir [/usr/lib64] ==> [/usr/lib64]
  collapse library dir [/usr/lib/gcc/x86_64-linux-gnu/11/] ==> [/usr/lib/gcc/x86_64-linux-gnu/11]
  collapse library dir [/usr/lib/gcc/x86_64-linux-gnu/11//../../../../lib64] ==> [/usr/lib64]
  implicit libs: [atomic;nvhpcatm;stdc++;nvomp;dl;nvhpcatm;atomic;pthread;nvcpumath;nsnvc;nvc;gcc;c;gcc_s;m]
  implicit objs: [/usr/lib/x86_64-linux-gnu/crt1.o;/usr/lib/x86_64-linux-gnu/crti.o;/usr/lib/gcc/x86_64-linux-gnu/11/crtbegin.o;/usr/lib/gcc/x86_64-linux-gnu/11/crtend.o;/usr/lib/x86_64-linux-gnu/crtn.o]
  implicit dirs: [/usr/local/gdrcopy/lib64;/opt/nvidia/hpc_sdk/Linux_x86_64/23.11/compilers/lib;/usr/lib64;/usr/lib/gcc/x86_64-linux-gnu/11]
  implicit fwks: []


